<?xml version="1.0" encoding="UTF-8"?>
<testsuite name="tests.GroupDeletionTest" tests="1" skipped="0" failures="0" errors="0" timestamp="2018-01-29T18:24:12" hostname="Lenovo-AM" time="1.104">
  <properties/>
  <testcase name="groupDeletionTest" classname="tests.GroupDeletionTest" time="1.104"/>
  <system-out><![CDATA[]]></system-out>
  <system-err><![CDATA[]]></system-err>
</testsuite>
