<?xml version="1.0" encoding="UTF-8"?>
<testsuite name="tests.GroupCreationTest" tests="1" skipped="0" failures="0" errors="0" timestamp="2018-01-29T18:24:09" hostname="Lenovo-AM" time="1.542">
  <properties/>
  <testcase name="groupCreationTest" classname="tests.GroupCreationTest" time="1.542"/>
  <system-out><![CDATA[]]></system-out>
  <system-err><![CDATA[]]></system-err>
</testsuite>
