<?xml version="1.0" encoding="UTF-8"?>
<testsuite name="tests.ContactCreationTest" tests="1" skipped="0" failures="0" errors="0" timestamp="2018-02-01T11:00:51" hostname="Lenovo-AM" time="5.548">
  <properties/>
  <testcase name="contactCreationTest" classname="tests.ContactCreationTest" time="5.548"/>
  <system-out><![CDATA[]]></system-out>
  <system-err><![CDATA[]]></system-err>
</testsuite>
