<?xml version="1.0" encoding="UTF-8"?>
<testsuite name="tests.GroupDeletionTest" tests="1" skipped="0" failures="0" errors="0" timestamp="2018-01-31T19:10:38" hostname="Lenovo-AM" time="11.408">
  <properties/>
  <testcase name="groupDeletionTest" classname="tests.GroupDeletionTest" time="11.408"/>
  <system-out><![CDATA[]]></system-out>
  <system-err><![CDATA[]]></system-err>
</testsuite>
