<?xml version="1.0" encoding="UTF-8"?>
<testsuite name="tests.GroupModificationTests" tests="1" skipped="0" failures="0" errors="0" timestamp="2018-01-31T19:10:35" hostname="Lenovo-AM" time="3.501">
  <properties/>
  <testcase name="groupModifyTest" classname="tests.GroupModificationTests" time="3.501"/>
  <system-out><![CDATA[]]></system-out>
  <system-err><![CDATA[]]></system-err>
</testsuite>
