<?xml version="1.0" encoding="UTF-8"?>
<testsuite name="tests.GroupCreationTest" tests="1" skipped="0" failures="0" errors="0" timestamp="2018-01-31T19:10:21" hostname="Lenovo-AM" time="13.785">
  <properties/>
  <testcase name="groupCreationTest" classname="tests.GroupCreationTest" time="13.785"/>
  <system-out><![CDATA[]]></system-out>
  <system-err><![CDATA[]]></system-err>
</testsuite>
